<?xml version="1.0" encoding="UTF-8"?>
<!-- Generated by org.testng.reporters.JUnitReportReporter -->
<testsuite hostname="Shlomi-Desktop" failures="0" tests="9" name="tests.MainRunner" time="13.343" errors="0" timestamp="2020-06-25T12:47:21 IDT" skipped="0">
  <testcase classname="tests.MainRunner" name="upFooterOpenWebSite" time="2.952"/>
  <system-out/>
  <testcase classname="tests.MainRunner" name="titleTest" time="0.007"/>
  <system-out/>
  <testcase classname="tests.MainRunner" name="testEmptyFieldsAtSubmitFotter" time="0.115"/>
  <system-out/>
  <testcase classname="tests.MainRunner" name="sendFieldsfilled" time="3.144"/>
  <system-out/>
  <testcase classname="tests.MainRunner" name="testwhatAppLink" time="2.248"/>
  <system-out/>
  <testcase classname="tests.MainRunner" name="testEmptyFieldsAtSubmitBottom" time="0.741"/>
  <system-out/>
  <testcase classname="tests.MainRunner" name="testNumberOfItemsAtCarousel" time="0.028"/>
  <system-out/>
  <testcase classname="tests.MainRunner" name="testFaceBookLink" time="2.405"/>
  <system-out/>
  <testcase classname="tests.MainRunner" name="testBottomForm" time="1.703"/>
  <system-out/>
</testsuite> <!-- tests.MainRunner -->
